[2022-09-19 10:41:20.405] [exthost] [info] Extension host with pid 24964 started
[2022-09-19 10:41:20.443] [exthost] [info] ExtensionService#_doActivateExtension vscode.microsoft-authentication, startup: false, activationEvent: 'onAuthenticationRequest:microsoft'
[2022-09-19 10:41:20.460] [exthost] [info] ExtensionService#_doActivateExtension vscode.debug-auto-launch, startup: true, activationEvent: '*'
[2022-09-19 10:41:20.464] [exthost] [info] ExtensionService#_doActivateExtension vscode.git-base, startup: true, activationEvent: '*', root cause: vscode.git
[2022-09-19 10:41:20.467] [exthost] [info] ExtensionService#_doActivateExtension vscode.ipynb, startup: true, activationEvent: '*'
[2022-09-19 10:41:20.471] [exthost] [info] ExtensionService#_doActivateExtension funkyremi.vscode-google-translate, startup: true, activationEvent: '*'
[2022-09-19 10:41:20.716] [exthost] [info] ExtensionService#_doActivateExtension vscode.git, startup: true, activationEvent: '*'
[2022-09-19 10:41:20.734] [exthost] [info] ExtensionService#_doActivateExtension vscode.github, startup: true, activationEvent: '*'
[2022-09-19 10:41:20.774] [exthost] [info] ExtensionService#_doActivateExtension vscode.github-authentication, startup: false, activationEvent: 'onAuthenticationRequest:github'
[2022-09-19 10:41:20.973] [exthost] [info] Eager extensions activated
[2022-09-19 10:41:20.976] [exthost] [info] ExtensionService#_doActivateExtension vscode.emmet, startup: false, activationEvent: 'onStartupFinished'
[2022-09-19 10:41:20.983] [exthost] [info] ExtensionService#_doActivateExtension vscode.merge-conflict, startup: false, activationEvent: 'onStartupFinished'
[2022-09-19 10:41:20.987] [exthost] [info] ExtensionService#_doActivateExtension ms-vscode-remote.remote-wsl-recommender, startup: false, activationEvent: 'onStartupFinished'
[2022-09-19 10:42:22.866] [exthost] [info] ExtensionService#_doActivateExtension vscode.configuration-editing, startup: false, activationEvent: 'onLanguage:jsonc'
[2022-09-19 10:42:22.870] [exthost] [info] ExtensionService#_doActivateExtension vscode.json-language-features, startup: false, activationEvent: 'onLanguage:jsonc'
[2022-09-19 10:42:22.884] [exthost] [info] ExtensionService#_doActivateExtension vscode.typescript-language-features, startup: false, activationEvent: 'onLanguage:jsonc'
[2022-09-19 10:47:03.041] [exthost] [info] ExtensionService#_doActivateExtension hancel.google-translate, startup: false, activationEvent: 'onCommand:translates.candidate'
[2022-09-19 10:56:21.890] [exthost] [info] Extension host terminating: received terminate message from renderer
[2022-09-19 10:56:21.906] [exthost] [info] Extension host with pid 24964 exiting with code 0
[2022-09-19 10:56:23.115] [exthost] [info] Extension host with pid 19996 started
[2022-09-19 10:56:23.155] [exthost] [info] ExtensionService#_doActivateExtension vscode.microsoft-authentication, startup: false, activationEvent: 'onAuthenticationRequest:microsoft'
[2022-09-19 10:56:23.171] [exthost] [info] ExtensionService#_doActivateExtension vscode.debug-auto-launch, startup: true, activationEvent: '*'
[2022-09-19 10:56:23.175] [exthost] [info] ExtensionService#_doActivateExtension vscode.git-base, startup: true, activationEvent: '*', root cause: vscode.git
[2022-09-19 10:56:23.178] [exthost] [info] ExtensionService#_doActivateExtension vscode.ipynb, startup: true, activationEvent: '*'
[2022-09-19 10:56:23.182] [exthost] [info] ExtensionService#_doActivateExtension funkyremi.vscode-google-translate, startup: true, activationEvent: '*'
[2022-09-19 10:56:23.384] [exthost] [info] ExtensionService#_doActivateExtension vscode.git, startup: true, activationEvent: '*'
[2022-09-19 10:56:23.400] [exthost] [info] ExtensionService#_doActivateExtension vscode.github, startup: true, activationEvent: '*'
[2022-09-19 10:56:23.435] [exthost] [info] ExtensionService#_doActivateExtension vscode.github-authentication, startup: false, activationEvent: 'onAuthenticationRequest:github'
[2022-09-19 10:56:23.616] [exthost] [info] Eager extensions activated
[2022-09-19 10:56:23.618] [exthost] [info] ExtensionService#_doActivateExtension vscode.emmet, startup: false, activationEvent: 'onStartupFinished'
[2022-09-19 10:56:23.625] [exthost] [info] ExtensionService#_doActivateExtension vscode.merge-conflict, startup: false, activationEvent: 'onStartupFinished'
[2022-09-19 10:56:23.629] [exthost] [info] ExtensionService#_doActivateExtension ms-vscode-remote.remote-wsl-recommender, startup: false, activationEvent: 'onStartupFinished'
[2022-09-19 10:56:30.518] [exthost] [info] ExtensionService#_doActivateExtension vscode.configuration-editing, startup: false, activationEvent: 'onLanguage:jsonc'
[2022-09-19 10:56:30.522] [exthost] [info] ExtensionService#_doActivateExtension vscode.json-language-features, startup: false, activationEvent: 'onLanguage:jsonc'
[2022-09-19 10:56:30.535] [exthost] [info] ExtensionService#_doActivateExtension vscode.typescript-language-features, startup: false, activationEvent: 'onLanguage:jsonc'
[2022-09-19 11:10:44.012] [exthost] [info] Extension host terminating: received terminate message from renderer
[2022-09-19 11:10:44.028] [exthost] [info] Extension host with pid 19996 exiting with code 0
