[2022-09-19 11:19:08.051] [main] [info] update#setState idle
[2022-09-19 11:19:08.810] [main] [info] Starting extension host with pid 18912 (fork() took 19 ms).
[2022-09-19 11:19:38.052] [main] [info] update#setState checking for updates
[2022-09-19 11:19:38.127] [main] [info] update#setState idle
[2022-09-19 11:30:06.866] [main] [warning] updateWindowsJumpList#setJumpList unexpected result: customCategoryAccessDeniedError
[2022-09-19 11:30:06.900] [main] [info] Extension host with pid 18912 exited with code: 0, signal: null.
[2022-09-19 11:30:07.533] [main] [info] Starting extension host with pid 8028 (fork() took 20 ms).
[2022-09-19 11:34:06.362] [main] [warning] updateWindowsJumpList#setJumpList unexpected result: customCategoryAccessDeniedError
[2022-09-19 11:47:55.729] [main] [info] update#setState checking for updates
[2022-09-19 11:47:55.972] [main] [info] update#setState idle
[2022-09-19 12:19:38.053] [main] [info] update#setState checking for updates
[2022-09-19 12:19:38.282] [main] [info] update#setState idle
[2022-09-19 13:19:38.054] [main] [info] update#setState checking for updates
[2022-09-19 13:19:38.302] [main] [info] update#setState idle
[2022-09-19 13:43:30.243] [main] [warning] updateWindowsJumpList#setJumpList unexpected result: customCategoryAccessDeniedError
[2022-09-19 13:43:30.926] [main] [info] Starting extension host with pid 26632 (fork() took 19 ms).
[2022-09-19 13:43:32.569] [main] [info] Extension host with pid 26632 exited with code: 0, signal: null.
[2022-09-19 13:43:34.419] [main] [info] Enabling inspect port on extension host with pid 8028.
[2022-09-19 13:43:43.660] [main] [warning] updateWindowsJumpList#setJumpList unexpected result: customCategoryAccessDeniedError
[2022-09-19 14:19:38.056] [main] [info] update#setState checking for updates
[2022-09-19 14:19:38.301] [main] [info] update#setState idle
[2022-09-19 15:19:38.057] [main] [info] update#setState checking for updates
[2022-09-19 15:19:38.308] [main] [info] update#setState idle
[2022-09-19 16:19:38.058] [main] [info] update#setState checking for updates
[2022-09-19 16:19:38.308] [main] [info] update#setState idle
[2022-09-19 17:19:38.059] [main] [info] update#setState checking for updates
[2022-09-19 17:19:38.354] [main] [info] update#setState idle
[2022-09-19 17:29:26.905] [main] [info] Waiting for extension host with pid 8028 to exit.
[2022-09-19 17:29:26.910] [main] [error] Blocked vscode-file request vscode-file://vscode-app/e:/001-Dev/001-IDE/Visual%20Studio%20Code/001-Potable/VSCode-win32-x64-1.71.2/resources/app/out/vs/editor/common/services/editorSimpleWorker.nls.js
[2022-09-19 17:29:26.912] [main] [info] Extension host with pid 8028 exited with code: 0, signal: null.
