[2022-09-20 08:23:36.985] [exthost] [info] Extension host with pid 20736 started
[2022-09-20 08:23:36.985] [exthost] [info] Skipping acquiring lock for e:\001-Dev\001-IDE\Visual Studio Code\001-Potable\VSCode-win32-x64-1.71.2\data\user-data\User\workspaceStorage\bcd19d1958b64a75a20dc64c13fd875b.
[2022-09-20 08:23:37.033] [exthost] [info] ExtensionService#_doActivateExtension vscode.microsoft-authentication, startup: false, activationEvent: 'onAuthenticationRequest:microsoft'
[2022-09-20 08:23:37.368] [exthost] [info] ExtensionService#_doActivateExtension hediet.vscode-drawio, startup: false, activationEvent: 'onCustomEditor:hediet.vscode-drawio-text'
[2022-09-20 08:23:37.488] [exthost] [info] ExtensionService#_doActivateExtension vscode.debug-auto-launch, startup: true, activationEvent: '*'
[2022-09-20 08:23:37.505] [exthost] [info] ExtensionService#_doActivateExtension vscode.git-base, startup: true, activationEvent: '*', root cause: vscode.git
[2022-09-20 08:23:37.525] [exthost] [info] ExtensionService#_doActivateExtension vscode.ipynb, startup: true, activationEvent: '*'
[2022-09-20 08:23:37.596] [exthost] [info] ExtensionService#_doActivateExtension funkyremi.vscode-google-translate, startup: true, activationEvent: '*'
[2022-09-20 08:23:38.772] [exthost] [info] ExtensionService#_doActivateExtension vscode.git, startup: true, activationEvent: '*'
[2022-09-20 08:23:39.432] [exthost] [info] ExtensionService#_doActivateExtension vscode.github, startup: true, activationEvent: '*'
[2022-09-20 08:23:39.745] [exthost] [info] ExtensionService#_doActivateExtension vscode.github-authentication, startup: false, activationEvent: 'onAuthenticationRequest:github'
[2022-09-20 08:23:40.126] [exthost] [info] Eager extensions activated
[2022-09-20 08:23:40.250] [exthost] [info] ExtensionService#_doActivateExtension vscode.emmet, startup: false, activationEvent: 'onStartupFinished'
[2022-09-20 08:23:40.403] [exthost] [info] ExtensionService#_doActivateExtension vscode.merge-conflict, startup: false, activationEvent: 'onStartupFinished'
[2022-09-20 08:23:40.422] [exthost] [info] ExtensionService#_doActivateExtension ms-vscode-remote.remote-wsl-recommender, startup: false, activationEvent: 'onStartupFinished'
[2022-09-20 08:24:02.428] [exthost] [info] ExtensionService#_doActivateExtension vscode.configuration-editing, startup: false, activationEvent: 'onLanguage:jsonc'
[2022-09-20 08:24:02.458] [exthost] [info] ExtensionService#_doActivateExtension vscode.json-language-features, startup: false, activationEvent: 'onLanguage:jsonc'
[2022-09-20 08:24:02.796] [exthost] [info] ExtensionService#_doActivateExtension vscode.typescript-language-features, startup: false, activationEvent: 'onLanguage:jsonc'
[2022-09-20 21:14:20.240] [exthost] [info] Extension host terminating: received terminate message from renderer
[2022-09-20 21:14:20.257] [exthost] [info] Extension host with pid 20736 exiting with code 0
