[2022-09-19T23:23:39.627Z] Log level: Info
[2022-09-19T23:23:39.691Z] [info] Validating found git in: C:\Program Files\Git\cmd\git.exe
[2022-09-19T23:23:40.110Z] [info] Using git 2.37.1.windows.1 from C:\Program Files\Git\cmd\git.exe
[2022-09-19T23:23:40.232Z] > git rev-parse --show-toplevel [108ms]
[2022-09-19T23:23:40.752Z] > git rev-parse --git-dir --git-common-dir [505ms]
[2022-09-19T23:23:40.756Z] [info] Open repository: e:\003-Git\002-GitLab\doc
[2022-09-19T23:23:40.878Z] > git status -z -uall [111ms]
[2022-09-19T23:23:40.952Z] > git symbolic-ref --short HEAD [62ms]
[2022-09-19T23:23:41.030Z] > git for-each-ref --format=%(refname)%00%(upstream:short)%00%(objectname)%00%(upstream:track)%00%(upstream:remotename)%00%(upstream:remoteref) refs/heads/main refs/remotes/main [66ms]
[2022-09-19T23:23:41.114Z] > git for-each-ref --sort -committerdate --format %(refname) %(objectname) %(*objectname) [71ms]
[2022-09-19T23:23:41.117Z] > git remote --verbose [63ms]
[2022-09-19T23:23:41.189Z] > git config --get commit.template [58ms]
[2022-09-19T23:23:41.283Z] > git status -z -uall [83ms]
[2022-09-19T23:23:41.346Z] > git symbolic-ref --short HEAD [53ms]
[2022-09-19T23:23:41.368Z] > git check-ignore -v -z --stdin [54ms]
[2022-09-19T23:23:41.411Z] > git for-each-ref --format=%(refname)%00%(upstream:short)%00%(objectname)%00%(upstream:track)%00%(upstream:remotename)%00%(upstream:remoteref) refs/heads/main refs/remotes/main [55ms]
[2022-09-19T23:23:41.483Z] > git for-each-ref --sort -committerdate --format %(refname) %(objectname) %(*objectname) [62ms]
[2022-09-19T23:23:41.488Z] > git remote --verbose [58ms]
[2022-09-19T23:23:41.556Z] > git config --get commit.template [55ms]
[2022-09-19T23:23:54.336Z] > git rev-parse --show-toplevel [82ms]
[2022-09-19T23:23:54.336Z] fatal: not a git repository (or any of the parent directories): .git
[2022-09-19T23:23:59.412Z] > git rev-parse --show-toplevel [67ms]
[2022-09-19T23:23:59.412Z] fatal: not a git repository (or any of the parent directories): .git
[2022-09-19T23:24:04.218Z] > git check-ignore -v -z --stdin [46ms]
[2022-09-19T23:26:49.679Z] > git status -z -uall [82ms]
[2022-09-19T23:26:49.740Z] > git symbolic-ref --short HEAD [50ms]
[2022-09-19T23:26:49.805Z] > git for-each-ref --format=%(refname)%00%(upstream:short)%00%(objectname)%00%(upstream:track)%00%(upstream:remotename)%00%(upstream:remoteref) refs/heads/main refs/remotes/main [54ms]
[2022-09-19T23:26:49.874Z] > git for-each-ref --sort -committerdate --format %(refname) %(objectname) %(*objectname) [58ms]
[2022-09-19T23:26:49.881Z] > git remote --verbose [55ms]
[2022-09-19T23:26:49.944Z] > git config --get commit.template [49ms]
[2022-09-19T23:30:21.481Z] > git status -z -uall [82ms]
[2022-09-19T23:30:21.548Z] > git symbolic-ref --short HEAD [56ms]
[2022-09-19T23:30:21.618Z] > git for-each-ref --format=%(refname)%00%(upstream:short)%00%(objectname)%00%(upstream:track)%00%(upstream:remotename)%00%(upstream:remoteref) refs/heads/main refs/remotes/main [59ms]
[2022-09-19T23:30:21.689Z] > git for-each-ref --sort -committerdate --format %(refname) %(objectname) %(*objectname) [61ms]
[2022-09-19T23:30:21.696Z] > git remote --verbose [56ms]
[2022-09-19T23:30:21.759Z] > git config --get commit.template [51ms]
[2022-09-19T23:31:54.789Z] > git status -z -uall [88ms]
[2022-09-19T23:31:54.853Z] > git symbolic-ref --short HEAD [53ms]
[2022-09-19T23:31:54.921Z] > git for-each-ref --format=%(refname)%00%(upstream:short)%00%(objectname)%00%(upstream:track)%00%(upstream:remotename)%00%(upstream:remoteref) refs/heads/main refs/remotes/main [57ms]
[2022-09-19T23:31:54.988Z] > git for-each-ref --sort -committerdate --format %(refname) %(objectname) %(*objectname) [57ms]
[2022-09-19T23:31:54.994Z] > git remote --verbose [53ms]
[2022-09-19T23:31:55.055Z] > git config --get commit.template [50ms]
[2022-09-19T23:43:23.835Z] > git status -z -uall [81ms]
[2022-09-19T23:43:23.897Z] > git symbolic-ref --short HEAD [52ms]
[2022-09-19T23:43:23.973Z] > git for-each-ref --format=%(refname)%00%(upstream:short)%00%(objectname)%00%(upstream:track)%00%(upstream:remotename)%00%(upstream:remoteref) refs/heads/main refs/remotes/main [66ms]
[2022-09-19T23:43:24.046Z] > git for-each-ref --sort -committerdate --format %(refname) %(objectname) %(*objectname) [61ms]
[2022-09-19T23:43:24.054Z] > git remote --verbose [56ms]
[2022-09-19T23:43:24.115Z] > git config --get commit.template [49ms]
[2022-09-19T23:43:50.462Z] > git status -z -uall [80ms]
[2022-09-19T23:43:50.524Z] > git symbolic-ref --short HEAD [51ms]
[2022-09-19T23:43:50.592Z] > git for-each-ref --format=%(refname)%00%(upstream:short)%00%(objectname)%00%(upstream:track)%00%(upstream:remotename)%00%(upstream:remoteref) refs/heads/main refs/remotes/main [58ms]
[2022-09-19T23:43:50.662Z] > git for-each-ref --sort -committerdate --format %(refname) %(objectname) %(*objectname) [60ms]
[2022-09-19T23:43:50.667Z] > git remote --verbose [54ms]
[2022-09-19T23:43:50.731Z] > git config --get commit.template [52ms]
[2022-09-20T00:01:10.856Z] > git status -z -uall [83ms]
[2022-09-20T00:01:10.916Z] > git symbolic-ref --short HEAD [50ms]
[2022-09-20T00:01:10.980Z] > git for-each-ref --format=%(refname)%00%(upstream:short)%00%(objectname)%00%(upstream:track)%00%(upstream:remotename)%00%(upstream:remoteref) refs/heads/main refs/remotes/main [54ms]
[2022-09-20T00:01:11.045Z] > git for-each-ref --sort -committerdate --format %(refname) %(objectname) %(*objectname) [55ms]
[2022-09-20T00:01:11.051Z] > git remote --verbose [52ms]
[2022-09-20T00:01:11.111Z] > git config --get commit.template [48ms]
[2022-09-20T00:04:10.711Z] > git status -z -uall [83ms]
[2022-09-20T00:04:10.773Z] > git symbolic-ref --short HEAD [52ms]
[2022-09-20T00:04:10.840Z] > git for-each-ref --format=%(refname)%00%(upstream:short)%00%(objectname)%00%(upstream:track)%00%(upstream:remotename)%00%(upstream:remoteref) refs/heads/main refs/remotes/main [56ms]
[2022-09-20T00:04:10.906Z] > git for-each-ref --sort -committerdate --format %(refname) %(objectname) %(*objectname) [57ms]
[2022-09-20T00:04:10.914Z] > git remote --verbose [54ms]
[2022-09-20T00:04:10.976Z] > git config --get commit.template [50ms]
[2022-09-20T00:06:20.930Z] > git status -z -uall [84ms]
[2022-09-20T00:06:20.992Z] > git symbolic-ref --short HEAD [53ms]
[2022-09-20T00:06:21.058Z] > git for-each-ref --format=%(refname)%00%(upstream:short)%00%(objectname)%00%(upstream:track)%00%(upstream:remotename)%00%(upstream:remoteref) refs/heads/main refs/remotes/main [55ms]
[2022-09-20T00:06:21.123Z] > git for-each-ref --sort -committerdate --format %(refname) %(objectname) %(*objectname) [55ms]
[2022-09-20T00:06:21.131Z] > git remote --verbose [53ms]
[2022-09-20T00:06:21.191Z] > git config --get commit.template [49ms]
[2022-09-20T00:18:22.406Z] > git status -z -uall [81ms]
[2022-09-20T00:18:22.470Z] > git symbolic-ref --short HEAD [53ms]
[2022-09-20T00:18:22.536Z] > git for-each-ref --format=%(refname)%00%(upstream:short)%00%(objectname)%00%(upstream:track)%00%(upstream:remotename)%00%(upstream:remoteref) refs/heads/main refs/remotes/main [56ms]
[2022-09-20T00:18:22.603Z] > git for-each-ref --sort -committerdate --format %(refname) %(objectname) %(*objectname) [57ms]
[2022-09-20T00:18:22.609Z] > git remote --verbose [53ms]
[2022-09-20T00:18:22.670Z] > git config --get commit.template [50ms]
[2022-09-20T00:18:27.760Z] > git status -z -uall [78ms]
[2022-09-20T00:18:27.820Z] > git symbolic-ref --short HEAD [50ms]
[2022-09-20T00:18:27.886Z] > git for-each-ref --format=%(refname)%00%(upstream:short)%00%(objectname)%00%(upstream:track)%00%(upstream:remotename)%00%(upstream:remoteref) refs/heads/main refs/remotes/main [55ms]
[2022-09-20T00:18:27.953Z] > git for-each-ref --sort -committerdate --format %(refname) %(objectname) %(*objectname) [57ms]
[2022-09-20T00:18:27.958Z] > git remote --verbose [52ms]
[2022-09-20T00:18:28.018Z] > git config --get commit.template [49ms]
[2022-09-20T00:27:09.839Z] > git status -z -uall [77ms]
[2022-09-20T00:27:09.899Z] > git symbolic-ref --short HEAD [50ms]
[2022-09-20T00:27:09.962Z] > git for-each-ref --format=%(refname)%00%(upstream:short)%00%(objectname)%00%(upstream:track)%00%(upstream:remotename)%00%(upstream:remoteref) refs/heads/main refs/remotes/main [53ms]
[2022-09-20T00:27:10.027Z] > git for-each-ref --sort -committerdate --format %(refname) %(objectname) %(*objectname) [54ms]
[2022-09-20T00:27:10.033Z] > git remote --verbose [51ms]
[2022-09-20T00:27:10.092Z] > git config --get commit.template [48ms]
[2022-09-20T00:30:05.605Z] > git status -z -uall [80ms]
[2022-09-20T00:30:05.668Z] > git symbolic-ref --short HEAD [53ms]
[2022-09-20T00:30:05.733Z] > git for-each-ref --format=%(refname)%00%(upstream:short)%00%(objectname)%00%(upstream:track)%00%(upstream:remotename)%00%(upstream:remoteref) refs/heads/main refs/remotes/main [54ms]
[2022-09-20T00:30:05.807Z] > git for-each-ref --sort -committerdate --format %(refname) %(objectname) %(*objectname) [64ms]
[2022-09-20T00:30:05.817Z] > git remote --verbose [64ms]
[2022-09-20T00:30:05.881Z] > git config --get commit.template [52ms]
[2022-09-20T00:30:49.366Z] > git status -z -uall [79ms]
[2022-09-20T00:30:49.426Z] > git symbolic-ref --short HEAD [50ms]
[2022-09-20T00:30:49.490Z] > git for-each-ref --format=%(refname)%00%(upstream:short)%00%(objectname)%00%(upstream:track)%00%(upstream:remotename)%00%(upstream:remoteref) refs/heads/main refs/remotes/main [54ms]
[2022-09-20T00:30:49.556Z] > git for-each-ref --sort -committerdate --format %(refname) %(objectname) %(*objectname) [56ms]
[2022-09-20T00:30:49.562Z] > git remote --verbose [52ms]
[2022-09-20T00:30:49.621Z] > git config --get commit.template [49ms]
[2022-09-20T00:35:21.166Z] > git status -z -uall [81ms]
[2022-09-20T00:35:21.227Z] > git symbolic-ref --short HEAD [51ms]
[2022-09-20T00:35:21.291Z] > git for-each-ref --format=%(refname)%00%(upstream:short)%00%(objectname)%00%(upstream:track)%00%(upstream:remotename)%00%(upstream:remoteref) refs/heads/main refs/remotes/main [54ms]
[2022-09-20T00:35:21.359Z] > git for-each-ref --sort -committerdate --format %(refname) %(objectname) %(*objectname) [57ms]
[2022-09-20T00:35:21.366Z] > git remote --verbose [54ms]
[2022-09-20T00:35:21.426Z] > git config --get commit.template [49ms]
[2022-09-20T00:37:54.115Z] > git status -z -uall [78ms]
[2022-09-20T00:37:54.177Z] > git symbolic-ref --short HEAD [52ms]
[2022-09-20T00:37:54.243Z] > git for-each-ref --format=%(refname)%00%(upstream:short)%00%(objectname)%00%(upstream:track)%00%(upstream:remotename)%00%(upstream:remoteref) refs/heads/main refs/remotes/main [56ms]
[2022-09-20T00:37:54.310Z] > git for-each-ref --sort -committerdate --format %(refname) %(objectname) %(*objectname) [57ms]
[2022-09-20T00:37:54.317Z] > git remote --verbose [54ms]
[2022-09-20T00:37:54.377Z] > git config --get commit.template [49ms]
[2022-09-20T00:38:01.978Z] > git status -z -uall [81ms]
[2022-09-20T00:38:02.041Z] > git symbolic-ref --short HEAD [53ms]
[2022-09-20T00:38:02.110Z] > git for-each-ref --format=%(refname)%00%(upstream:short)%00%(objectname)%00%(upstream:track)%00%(upstream:remotename)%00%(upstream:remoteref) refs/heads/main refs/remotes/main [59ms]
[2022-09-20T00:38:02.176Z] > git for-each-ref --sort -committerdate --format %(refname) %(objectname) %(*objectname) [56ms]
[2022-09-20T00:38:02.182Z] > git remote --verbose [51ms]
[2022-09-20T00:38:02.240Z] > git config --get commit.template [47ms]
[2022-09-20T00:38:03.021Z] > git rev-parse --show-toplevel [72ms]
[2022-09-20T00:38:03.021Z] fatal: not a git repository (or any of the parent directories): .git
[2022-09-20T00:38:11.736Z] > git rev-parse --show-toplevel [75ms]
[2022-09-20T00:38:11.736Z] fatal: not a git repository (or any of the parent directories): .git
[2022-09-20T00:38:28.236Z] > git rev-parse --show-toplevel [71ms]
[2022-09-20T00:38:28.236Z] fatal: not a git repository (or any of the parent directories): .git
[2022-09-20T00:38:28.887Z] > git status -z -uall [78ms]
[2022-09-20T00:38:28.949Z] > git symbolic-ref --short HEAD [52ms]
[2022-09-20T00:38:29.016Z] > git for-each-ref --format=%(refname)%00%(upstream:short)%00%(objectname)%00%(upstream:track)%00%(upstream:remotename)%00%(upstream:remoteref) refs/heads/main refs/remotes/main [56ms]
[2022-09-20T00:38:29.085Z] > git for-each-ref --sort -committerdate --format %(refname) %(objectname) %(*objectname) [58ms]
[2022-09-20T00:38:29.091Z] > git remote --verbose [53ms]
[2022-09-20T00:38:29.151Z] > git config --get commit.template [50ms]
[2022-09-20T00:38:29.893Z] > git rev-parse --show-toplevel [72ms]
[2022-09-20T00:38:29.893Z] fatal: not a git repository (or any of the parent directories): .git
[2022-09-20T00:39:22.994Z] > git status -z -uall [80ms]
[2022-09-20T00:39:23.056Z] > git symbolic-ref --short HEAD [52ms]
[2022-09-20T00:39:23.120Z] > git for-each-ref --format=%(refname)%00%(upstream:short)%00%(objectname)%00%(upstream:track)%00%(upstream:remotename)%00%(upstream:remoteref) refs/heads/main refs/remotes/main [54ms]
[2022-09-20T00:39:23.187Z] > git for-each-ref --sort -committerdate --format %(refname) %(objectname) %(*objectname) [56ms]
[2022-09-20T00:39:23.194Z] > git remote --verbose [53ms]
[2022-09-20T00:39:23.258Z] > git config --get commit.template [53ms]
[2022-09-20T00:39:28.407Z] > git status -z -uall [85ms]
[2022-09-20T00:39:28.471Z] > git symbolic-ref --short HEAD [53ms]
[2022-09-20T00:39:28.538Z] > git for-each-ref --format=%(refname)%00%(upstream:short)%00%(objectname)%00%(upstream:track)%00%(upstream:remotename)%00%(upstream:remoteref) refs/heads/main refs/remotes/main [56ms]
[2022-09-20T00:39:28.606Z] > git for-each-ref --sort -committerdate --format %(refname) %(objectname) %(*objectname) [57ms]
[2022-09-20T00:39:28.613Z] > git remote --verbose [54ms]
[2022-09-20T00:39:28.676Z] > git config --get commit.template [52ms]
[2022-09-20T00:40:12.523Z] > git status -z -uall [81ms]
[2022-09-20T00:40:12.585Z] > git symbolic-ref --short HEAD [52ms]
[2022-09-20T00:40:12.651Z] > git for-each-ref --format=%(refname)%00%(upstream:short)%00%(objectname)%00%(upstream:track)%00%(upstream:remotename)%00%(upstream:remoteref) refs/heads/main refs/remotes/main [56ms]
[2022-09-20T00:40:12.720Z] > git for-each-ref --sort -committerdate --format %(refname) %(objectname) %(*objectname) [58ms]
[2022-09-20T00:40:12.726Z] > git remote --verbose [54ms]
[2022-09-20T00:40:12.791Z] > git config --get commit.template [52ms]
[2022-09-20T00:40:36.483Z] > git status -z -uall [83ms]
[2022-09-20T00:40:36.545Z] > git symbolic-ref --short HEAD [52ms]
[2022-09-20T00:40:36.610Z] > git for-each-ref --format=%(refname)%00%(upstream:short)%00%(objectname)%00%(upstream:track)%00%(upstream:remotename)%00%(upstream:remoteref) refs/heads/main refs/remotes/main [55ms]
[2022-09-20T00:40:36.677Z] > git for-each-ref --sort -committerdate --format %(refname) %(objectname) %(*objectname) [57ms]
[2022-09-20T00:40:36.682Z] > git remote --verbose [52ms]
[2022-09-20T00:40:36.742Z] > git config --get commit.template [49ms]
[2022-09-20T00:40:41.832Z] > git status -z -uall [79ms]
[2022-09-20T00:40:41.893Z] > git symbolic-ref --short HEAD [50ms]
[2022-09-20T00:40:41.958Z] > git for-each-ref --format=%(refname)%00%(upstream:short)%00%(objectname)%00%(upstream:track)%00%(upstream:remotename)%00%(upstream:remoteref) refs/heads/main refs/remotes/main [55ms]
[2022-09-20T00:40:42.024Z] > git for-each-ref --sort -committerdate --format %(refname) %(objectname) %(*objectname) [56ms]
[2022-09-20T00:40:42.033Z] > git remote --verbose [54ms]
[2022-09-20T00:40:42.093Z] > git config --get commit.template [49ms]
[2022-09-20T01:38:33.618Z] > git status -z -uall [90ms]
[2022-09-20T01:38:33.684Z] > git symbolic-ref --short HEAD [56ms]
[2022-09-20T01:38:33.755Z] > git for-each-ref --format=%(refname)%00%(upstream:short)%00%(objectname)%00%(upstream:track)%00%(upstream:remotename)%00%(upstream:remoteref) refs/heads/main refs/remotes/main [59ms]
[2022-09-20T01:38:33.825Z] > git for-each-ref --sort -committerdate --format %(refname) %(objectname) %(*objectname) [58ms]
[2022-09-20T01:38:33.834Z] > git remote --verbose [57ms]
[2022-09-20T01:38:33.899Z] > git config --get commit.template [53ms]
[2022-09-20T01:38:45.551Z] > git status -z -uall [81ms]
[2022-09-20T01:38:45.611Z] > git symbolic-ref --short HEAD [51ms]
[2022-09-20T01:38:45.676Z] > git for-each-ref --format=%(refname)%00%(upstream:short)%00%(objectname)%00%(upstream:track)%00%(upstream:remotename)%00%(upstream:remoteref) refs/heads/main refs/remotes/main [54ms]
[2022-09-20T01:38:45.743Z] > git for-each-ref --sort -committerdate --format %(refname) %(objectname) %(*objectname) [56ms]
[2022-09-20T01:38:45.749Z] > git remote --verbose [52ms]
[2022-09-20T01:38:45.810Z] > git config --get commit.template [50ms]
[2022-09-20T01:39:13.045Z] > git rev-parse --show-toplevel [78ms]
[2022-09-20T01:39:13.045Z] fatal: not a git repository (or any of the parent directories): .git
[2022-09-20T01:39:13.313Z] > git rev-parse --show-toplevel [74ms]
[2022-09-20T01:39:13.313Z] fatal: not a git repository (or any of the parent directories): .git
[2022-09-20T02:09:39.901Z] > git status -z -uall [85ms]
[2022-09-20T02:09:39.965Z] > git symbolic-ref --short HEAD [53ms]
[2022-09-20T02:09:40.035Z] > git for-each-ref --format=%(refname)%00%(upstream:short)%00%(objectname)%00%(upstream:track)%00%(upstream:remotename)%00%(upstream:remoteref) refs/heads/main refs/remotes/main [59ms]
[2022-09-20T02:09:40.106Z] > git for-each-ref --sort -committerdate --format %(refname) %(objectname) %(*objectname) [60ms]
[2022-09-20T02:09:40.113Z] > git remote --verbose [56ms]
[2022-09-20T02:09:40.176Z] > git config --get commit.template [51ms]
[2022-09-20T02:09:45.271Z] > git status -z -uall [81ms]
[2022-09-20T02:09:45.334Z] > git symbolic-ref --short HEAD [53ms]
[2022-09-20T02:09:45.400Z] > git for-each-ref --format=%(refname)%00%(upstream:short)%00%(objectname)%00%(upstream:track)%00%(upstream:remotename)%00%(upstream:remoteref) refs/heads/main refs/remotes/main [56ms]
[2022-09-20T02:09:45.469Z] > git for-each-ref --sort -committerdate --format %(refname) %(objectname) %(*objectname) [58ms]
[2022-09-20T02:09:45.475Z] > git remote --verbose [54ms]
[2022-09-20T02:09:45.539Z] > git config --get commit.template [52ms]
[2022-09-20T02:11:18.918Z] > git status -z -uall [87ms]
[2022-09-20T02:11:18.983Z] > git symbolic-ref --short HEAD [54ms]
[2022-09-20T02:11:19.051Z] > git for-each-ref --format=%(refname)%00%(upstream:short)%00%(objectname)%00%(upstream:track)%00%(upstream:remotename)%00%(upstream:remoteref) refs/heads/main refs/remotes/main [58ms]
[2022-09-20T02:11:19.124Z] > git for-each-ref --sort -committerdate --format %(refname) %(objectname) %(*objectname) [62ms]
[2022-09-20T02:11:19.129Z] > git remote --verbose [56ms]
[2022-09-20T02:11:19.196Z] > git config --get commit.template [55ms]
[2022-09-20T02:11:24.291Z] > git status -z -uall [82ms]
[2022-09-20T02:11:24.354Z] > git symbolic-ref --short HEAD [53ms]
[2022-09-20T02:11:24.420Z] > git for-each-ref --format=%(refname)%00%(upstream:short)%00%(objectname)%00%(upstream:track)%00%(upstream:remotename)%00%(upstream:remoteref) refs/heads/main refs/remotes/main [56ms]
[2022-09-20T02:11:24.488Z] > git for-each-ref --sort -committerdate --format %(refname) %(objectname) %(*objectname) [58ms]
[2022-09-20T02:11:24.494Z] > git remote --verbose [54ms]
[2022-09-20T02:11:24.558Z] > git config --get commit.template [53ms]
[2022-09-20T06:06:45.790Z] > git status -z -uall [87ms]
[2022-09-20T06:06:45.855Z] > git symbolic-ref --short HEAD [53ms]
[2022-09-20T06:06:45.922Z] > git for-each-ref --format=%(refname)%00%(upstream:short)%00%(objectname)%00%(upstream:track)%00%(upstream:remotename)%00%(upstream:remoteref) refs/heads/main refs/remotes/main [58ms]
[2022-09-20T06:06:45.992Z] > git for-each-ref --sort -committerdate --format %(refname) %(objectname) %(*objectname) [60ms]
[2022-09-20T06:06:45.997Z] > git remote --verbose [54ms]
[2022-09-20T06:06:46.061Z] > git config --get commit.template [52ms]
[2022-09-20T06:06:51.151Z] > git status -z -uall [78ms]
[2022-09-20T06:06:51.212Z] > git symbolic-ref --short HEAD [51ms]
[2022-09-20T06:06:51.277Z] > git for-each-ref --format=%(refname)%00%(upstream:short)%00%(objectname)%00%(upstream:track)%00%(upstream:remotename)%00%(upstream:remoteref) refs/heads/main refs/remotes/main [55ms]
[2022-09-20T06:06:51.348Z] > git for-each-ref --sort -committerdate --format %(refname) %(objectname) %(*objectname) [60ms]
[2022-09-20T06:06:51.353Z] > git remote --verbose [54ms]
[2022-09-20T06:06:51.417Z] > git config --get commit.template [52ms]
[2022-09-20T07:26:10.976Z] > git status -z -uall [86ms]
[2022-09-20T07:26:11.044Z] > git symbolic-ref --short HEAD [57ms]
[2022-09-20T07:26:11.115Z] > git for-each-ref --format=%(refname)%00%(upstream:short)%00%(objectname)%00%(upstream:track)%00%(upstream:remotename)%00%(upstream:remoteref) refs/heads/main refs/remotes/main [60ms]
[2022-09-20T07:26:11.188Z] > git for-each-ref --sort -committerdate --format %(refname) %(objectname) %(*objectname) [62ms]
[2022-09-20T07:26:11.195Z] > git remote --verbose [58ms]
[2022-09-20T07:26:11.259Z] > git config --get commit.template [52ms]
[2022-09-20T07:26:16.351Z] > git status -z -uall [81ms]
[2022-09-20T07:26:16.415Z] > git symbolic-ref --short HEAD [53ms]
[2022-09-20T07:26:16.484Z] > git for-each-ref --format=%(refname)%00%(upstream:short)%00%(objectname)%00%(upstream:track)%00%(upstream:remotename)%00%(upstream:remoteref) refs/heads/main refs/remotes/main [58ms]
[2022-09-20T07:26:16.553Z] > git for-each-ref --sort -committerdate --format %(refname) %(objectname) %(*objectname) [58ms]
[2022-09-20T07:26:16.560Z] > git remote --verbose [54ms]
[2022-09-20T07:26:16.622Z] > git config --get commit.template [50ms]
[2022-09-20T07:52:04.370Z] > git status -z -uall [86ms]
[2022-09-20T07:52:04.438Z] > git symbolic-ref --short HEAD [56ms]
[2022-09-20T07:52:04.510Z] > git for-each-ref --format=%(refname)%00%(upstream:short)%00%(objectname)%00%(upstream:track)%00%(upstream:remotename)%00%(upstream:remoteref) refs/heads/main refs/remotes/main [60ms]
[2022-09-20T07:52:04.580Z] > git for-each-ref --sort -committerdate --format %(refname) %(objectname) %(*objectname) [59ms]
[2022-09-20T07:52:04.587Z] > git remote --verbose [56ms]
[2022-09-20T07:52:04.652Z] > git config --get commit.template [53ms]
[2022-09-20T07:52:09.746Z] > git status -z -uall [82ms]
[2022-09-20T07:52:09.812Z] > git symbolic-ref --short HEAD [56ms]
[2022-09-20T07:52:09.881Z] > git for-each-ref --format=%(refname)%00%(upstream:short)%00%(objectname)%00%(upstream:track)%00%(upstream:remotename)%00%(upstream:remoteref) refs/heads/main refs/remotes/main [59ms]
[2022-09-20T07:52:09.951Z] > git for-each-ref --sort -committerdate --format %(refname) %(objectname) %(*objectname) [60ms]
[2022-09-20T07:52:09.957Z] > git remote --verbose [56ms]
[2022-09-20T07:52:10.021Z] > git config --get commit.template [53ms]
[2022-09-20T07:52:22.573Z] > git rev-parse --show-toplevel [76ms]
[2022-09-20T07:52:22.573Z] fatal: not a git repository (or any of the parent directories): .git
[2022-09-20T07:52:23.519Z] > git rev-parse --show-toplevel [77ms]
[2022-09-20T07:52:23.519Z] fatal: not a git repository (or any of the parent directories): .git
[2022-09-20T07:52:24.954Z] > git ls-files --stage -- E:\003-Git\002-GitLab\doc\VS_Code\common\text.txt [57ms]
[2022-09-20T07:52:24.970Z] > git show --textconv :VS_Code/common/text.txt [85ms]
[2022-09-20T07:52:25.019Z] > git cat-file -s 4164667b3d4f077e61e3e0e9283abd85d91ecdd2 [54ms]
[2022-09-20T08:53:59.133Z] > git status -z -uall [92ms]
[2022-09-20T08:53:59.146Z] > git ls-files --stage -- E:\003-Git\002-GitLab\doc\VS_Code\common\text.txt [70ms]
[2022-09-20T08:53:59.203Z] > git symbolic-ref --short HEAD [58ms]
[2022-09-20T08:53:59.218Z] > git cat-file -s 4164667b3d4f077e61e3e0e9283abd85d91ecdd2 [60ms]
[2022-09-20T08:53:59.277Z] > git for-each-ref --format=%(refname)%00%(upstream:short)%00%(objectname)%00%(upstream:track)%00%(upstream:remotename)%00%(upstream:remoteref) refs/heads/main refs/remotes/main [62ms]
[2022-09-20T08:53:59.319Z] > git show --textconv :VS_Code/common/text.txt [86ms]
[2022-09-20T08:53:59.349Z] > git for-each-ref --sort -committerdate --format %(refname) %(objectname) %(*objectname) [60ms]
[2022-09-20T08:53:59.356Z] > git remote --verbose [55ms]
[2022-09-20T08:53:59.420Z] > git config --get commit.template [52ms]
[2022-09-20T08:54:01.027Z] > git rev-parse --show-toplevel [73ms]
[2022-09-20T08:54:01.027Z] fatal: not a git repository (or any of the parent directories): .git
[2022-09-20T08:54:04.514Z] > git status -z -uall [83ms]
[2022-09-20T08:54:04.579Z] > git symbolic-ref --short HEAD [54ms]
[2022-09-20T08:54:04.647Z] > git for-each-ref --format=%(refname)%00%(upstream:short)%00%(objectname)%00%(upstream:track)%00%(upstream:remotename)%00%(upstream:remoteref) refs/heads/main refs/remotes/main [57ms]
[2022-09-20T08:54:04.717Z] > git for-each-ref --sort -committerdate --format %(refname) %(objectname) %(*objectname) [60ms]
[2022-09-20T08:54:04.728Z] > git remote --verbose [60ms]
[2022-09-20T08:54:04.793Z] > git config --get commit.template [52ms]
[2022-09-20T08:55:05.457Z] > git rev-parse --show-toplevel [74ms]
[2022-09-20T08:55:05.457Z] fatal: not a git repository (or any of the parent directories): .git
[2022-09-20T08:55:06.053Z] > git ls-files --stage -- E:\003-Git\002-GitLab\doc\VS_Code\common\text.txt [61ms]
[2022-09-20T08:55:06.071Z] > git show --textconv :VS_Code/common/text.txt [92ms]
[2022-09-20T08:55:06.131Z] > git cat-file -s 4164667b3d4f077e61e3e0e9283abd85d91ecdd2 [64ms]
[2022-09-20T08:55:06.546Z] > git rev-parse --show-toplevel [83ms]
[2022-09-20T08:55:06.546Z] fatal: not a git repository (or any of the parent directories): .git
[2022-09-20T09:19:54.006Z] > git status -z -uall [85ms]
[2022-09-20T09:19:54.071Z] > git symbolic-ref --short HEAD [54ms]
[2022-09-20T09:19:54.141Z] > git for-each-ref --format=%(refname)%00%(upstream:short)%00%(objectname)%00%(upstream:track)%00%(upstream:remotename)%00%(upstream:remoteref) refs/heads/main refs/remotes/main [59ms]
[2022-09-20T09:19:54.212Z] > git for-each-ref --sort -committerdate --format %(refname) %(objectname) %(*objectname) [60ms]
[2022-09-20T09:19:54.220Z] > git remote --verbose [57ms]
[2022-09-20T09:19:54.289Z] > git config --get commit.template [56ms]
[2022-09-20T09:20:03.082Z] > git status -z -uall [83ms]
[2022-09-20T09:20:03.148Z] > git symbolic-ref --short HEAD [55ms]
[2022-09-20T09:20:03.216Z] > git for-each-ref --format=%(refname)%00%(upstream:short)%00%(objectname)%00%(upstream:track)%00%(upstream:remotename)%00%(upstream:remoteref) refs/heads/main refs/remotes/main [57ms]
[2022-09-20T09:20:03.288Z] > git for-each-ref --sort -committerdate --format %(refname) %(objectname) %(*objectname) [60ms]
[2022-09-20T09:20:03.294Z] > git remote --verbose [56ms]
[2022-09-20T09:20:03.360Z] > git config --get commit.template [54ms]
[2022-09-20T09:28:59.143Z] > git status -z -uall [81ms]
[2022-09-20T09:28:59.209Z] > git symbolic-ref --short HEAD [55ms]
[2022-09-20T09:28:59.279Z] > git for-each-ref --format=%(refname)%00%(upstream:short)%00%(objectname)%00%(upstream:track)%00%(upstream:remotename)%00%(upstream:remoteref) refs/heads/main refs/remotes/main [59ms]
[2022-09-20T09:28:59.349Z] > git for-each-ref --sort -committerdate --format %(refname) %(objectname) %(*objectname) [60ms]
[2022-09-20T09:28:59.356Z] > git remote --verbose [56ms]
[2022-09-20T09:28:59.421Z] > git config --get commit.template [53ms]
[2022-09-20T09:29:03.776Z] > git rev-parse --show-toplevel [73ms]
[2022-09-20T09:29:03.776Z] fatal: not a git repository (or any of the parent directories): .git
[2022-09-20T09:29:04.518Z] > git status -z -uall [86ms]
[2022-09-20T09:29:04.582Z] > git symbolic-ref --short HEAD [54ms]
[2022-09-20T09:29:04.650Z] > git for-each-ref --format=%(refname)%00%(upstream:short)%00%(objectname)%00%(upstream:track)%00%(upstream:remotename)%00%(upstream:remoteref) refs/heads/main refs/remotes/main [58ms]
[2022-09-20T09:29:04.720Z] > git for-each-ref --sort -committerdate --format %(refname) %(objectname) %(*objectname) [59ms]
[2022-09-20T09:29:04.727Z] > git remote --verbose [56ms]
[2022-09-20T09:29:04.793Z] > git config --get commit.template [54ms]
[2022-09-20T10:12:24.173Z] > git status -z -uall [97ms]
[2022-09-20T10:12:24.240Z] > git symbolic-ref --short HEAD [56ms]
[2022-09-20T10:12:24.309Z] > git for-each-ref --format=%(refname)%00%(upstream:short)%00%(objectname)%00%(upstream:track)%00%(upstream:remotename)%00%(upstream:remoteref) refs/heads/main refs/remotes/main [58ms]
[2022-09-20T10:12:24.380Z] > git for-each-ref --sort -committerdate --format %(refname) %(objectname) %(*objectname) [61ms]
[2022-09-20T10:12:24.387Z] > git remote --verbose [57ms]
[2022-09-20T10:12:24.450Z] > git config --get commit.template [51ms]
[2022-09-20T10:12:29.540Z] > git status -z -uall [79ms]
[2022-09-20T10:12:29.608Z] > git symbolic-ref --short HEAD [57ms]
[2022-09-20T10:12:29.680Z] > git for-each-ref --format=%(refname)%00%(upstream:short)%00%(objectname)%00%(upstream:track)%00%(upstream:remotename)%00%(upstream:remoteref) refs/heads/main refs/remotes/main [61ms]
[2022-09-20T10:12:29.750Z] > git for-each-ref --sort -committerdate --format %(refname) %(objectname) %(*objectname) [60ms]
[2022-09-20T10:12:29.759Z] > git remote --verbose [57ms]
[2022-09-20T10:12:29.822Z] > git config --get commit.template [52ms]
[2022-09-20T10:12:49.671Z] > git status -z -uall [88ms]
[2022-09-20T10:12:49.739Z] > git symbolic-ref --short HEAD [57ms]
[2022-09-20T10:12:49.811Z] > git for-each-ref --format=%(refname)%00%(upstream:short)%00%(objectname)%00%(upstream:track)%00%(upstream:remotename)%00%(upstream:remoteref) refs/heads/main refs/remotes/main [60ms]
[2022-09-20T10:12:49.885Z] > git for-each-ref --sort -committerdate --format %(refname) %(objectname) %(*objectname) [62ms]
[2022-09-20T10:12:49.898Z] > git remote --verbose [63ms]
[2022-09-20T10:12:49.967Z] > git config --get commit.template [57ms]
[2022-09-20T10:20:16.671Z] > git status -z -uall [83ms]
[2022-09-20T10:20:16.732Z] > git symbolic-ref --short HEAD [52ms]
[2022-09-20T10:20:16.802Z] > git for-each-ref --format=%(refname)%00%(upstream:short)%00%(objectname)%00%(upstream:track)%00%(upstream:remotename)%00%(upstream:remoteref) refs/heads/main refs/remotes/main [59ms]
[2022-09-20T10:20:16.876Z] > git for-each-ref --sort -committerdate --format %(refname) %(objectname) %(*objectname) [63ms]
[2022-09-20T10:20:16.883Z] > git remote --verbose [59ms]
[2022-09-20T10:20:16.950Z] > git config --get commit.template [55ms]
[2022-09-20T10:20:22.040Z] > git status -z -uall [77ms]
[2022-09-20T10:20:22.102Z] > git symbolic-ref --short HEAD [52ms]
[2022-09-20T10:20:22.166Z] > git for-each-ref --format=%(refname)%00%(upstream:short)%00%(objectname)%00%(upstream:track)%00%(upstream:remotename)%00%(upstream:remoteref) refs/heads/main refs/remotes/main [54ms]
[2022-09-20T10:20:22.232Z] > git for-each-ref --sort -committerdate --format %(refname) %(objectname) %(*objectname) [55ms]
[2022-09-20T10:20:22.239Z] > git remote --verbose [52ms]
[2022-09-20T10:20:22.299Z] > git config --get commit.template [49ms]
[2022-09-20T11:31:01.702Z] > git status -z -uall [80ms]
[2022-09-20T11:31:01.765Z] > git symbolic-ref --short HEAD [53ms]
[2022-09-20T11:31:01.830Z] > git for-each-ref --format=%(refname)%00%(upstream:short)%00%(objectname)%00%(upstream:track)%00%(upstream:remotename)%00%(upstream:remoteref) refs/heads/main refs/remotes/main [55ms]
[2022-09-20T11:31:01.898Z] > git for-each-ref --sort -committerdate --format %(refname) %(objectname) %(*objectname) [57ms]
[2022-09-20T11:31:01.903Z] > git remote --verbose [52ms]
[2022-09-20T11:31:01.964Z] > git config --get commit.template [50ms]
[2022-09-20T11:31:47.211Z] > git status -z -uall [81ms]
[2022-09-20T11:31:47.273Z] > git symbolic-ref --short HEAD [52ms]
[2022-09-20T11:31:47.339Z] > git for-each-ref --format=%(refname)%00%(upstream:short)%00%(objectname)%00%(upstream:track)%00%(upstream:remotename)%00%(upstream:remoteref) refs/heads/main refs/remotes/main [56ms]
[2022-09-20T11:31:47.406Z] > git for-each-ref --sort -committerdate --format %(refname) %(objectname) %(*objectname) [57ms]
[2022-09-20T11:31:47.413Z] > git remote --verbose [54ms]
[2022-09-20T11:31:47.473Z] > git config --get commit.template [49ms]
[2022-09-20T11:32:49.167Z] > git status -z -uall [80ms]
[2022-09-20T11:32:49.228Z] > git symbolic-ref --short HEAD [52ms]
[2022-09-20T11:32:49.291Z] > git for-each-ref --format=%(refname)%00%(upstream:short)%00%(objectname)%00%(upstream:track)%00%(upstream:remotename)%00%(upstream:remoteref) refs/heads/main refs/remotes/main [54ms]
[2022-09-20T11:32:49.358Z] > git for-each-ref --sort -committerdate --format %(refname) %(objectname) %(*objectname) [57ms]
[2022-09-20T11:32:49.365Z] > git remote --verbose [54ms]
[2022-09-20T11:32:49.424Z] > git config --get commit.template [49ms]
[2022-09-20T12:12:24.995Z] > git status -z -uall [91ms]
[2022-09-20T12:12:25.064Z] > git symbolic-ref --short HEAD [58ms]
[2022-09-20T12:12:25.136Z] > git for-each-ref --format=%(refname)%00%(upstream:short)%00%(objectname)%00%(upstream:track)%00%(upstream:remotename)%00%(upstream:remoteref) refs/heads/main refs/remotes/main [61ms]
[2022-09-20T12:12:25.209Z] > git for-each-ref --sort -committerdate --format %(refname) %(objectname) %(*objectname) [62ms]
[2022-09-20T12:12:25.216Z] > git remote --verbose [58ms]
[2022-09-20T12:12:25.286Z] > git config --get commit.template [58ms]
[2022-09-20T12:12:26.448Z] > git ls-files --stage -- E:\003-Git\002-GitLab\doc\VS_Code\common\text.txt [56ms]
[2022-09-20T12:12:26.469Z] > git show --textconv :VS_Code/common/text.txt [88ms]
[2022-09-20T12:12:26.516Z] > git cat-file -s 4164667b3d4f077e61e3e0e9283abd85d91ecdd2 [57ms]
[2022-09-20T12:12:30.376Z] > git status -z -uall [79ms]
[2022-09-20T12:12:30.437Z] > git symbolic-ref --short HEAD [51ms]
[2022-09-20T12:12:30.503Z] > git for-each-ref --format=%(refname)%00%(upstream:short)%00%(objectname)%00%(upstream:track)%00%(upstream:remotename)%00%(upstream:remoteref) refs/heads/main refs/remotes/main [55ms]
[2022-09-20T12:12:30.570Z] > git for-each-ref --sort -committerdate --format %(refname) %(objectname) %(*objectname) [57ms]
[2022-09-20T12:12:30.576Z] > git remote --verbose [53ms]
[2022-09-20T12:12:30.639Z] > git config --get commit.template [52ms]
