[2022-09-19T02:30:10.287Z] Log level: Info
[2022-09-19T02:30:10.290Z] [info] Validating found git in: C:\Program Files\Git\cmd\git.exe
[2022-09-19T02:30:10.354Z] [info] Using git 2.37.1.windows.1 from C:\Program Files\Git\cmd\git.exe
[2022-09-19T02:30:10.426Z] > git rev-parse --show-toplevel [57ms]
[2022-09-19T02:30:10.494Z] > git rev-parse --git-dir --git-common-dir [55ms]
[2022-09-19T02:30:10.498Z] [info] Open repository: e:\003-Git\002-GitLab\doc
[2022-09-19T02:30:10.613Z] > git status -z -uall [102ms]
[2022-09-19T02:30:10.681Z] > git symbolic-ref --short HEAD [55ms]
[2022-09-19T02:30:10.759Z] > git for-each-ref --format=%(refname)%00%(upstream:short)%00%(objectname)%00%(upstream:track)%00%(upstream:remotename)%00%(upstream:remoteref) refs/heads/main refs/remotes/main [67ms]
[2022-09-19T02:30:10.829Z] > git for-each-ref --sort -committerdate --format %(refname) %(objectname) %(*objectname) [59ms]
[2022-09-19T02:30:10.835Z] > git remote --verbose [54ms]
[2022-09-19T02:30:10.902Z] > git config --get commit.template [51ms]
[2022-09-19T02:30:10.995Z] > git status -z -uall [81ms]
[2022-09-19T02:30:11.058Z] > git symbolic-ref --short HEAD [53ms]
[2022-09-19T02:30:11.084Z] > git check-ignore -v -z --stdin [54ms]
[2022-09-19T02:30:11.124Z] > git for-each-ref --format=%(refname)%00%(upstream:short)%00%(objectname)%00%(upstream:track)%00%(upstream:remotename)%00%(upstream:remoteref) refs/heads/main refs/remotes/main [55ms]
[2022-09-19T02:30:11.199Z] > git for-each-ref --sort -committerdate --format %(refname) %(objectname) %(*objectname) [64ms]
[2022-09-19T02:30:11.205Z] > git remote --verbose [59ms]
[2022-09-19T02:30:11.269Z] > git config --get commit.template [51ms]
[2022-09-19T02:30:16.258Z] > git check-ignore -v -z --stdin [52ms]
[2022-09-19T02:30:17.734Z] > git check-ignore -v -z --stdin [52ms]
[2022-09-19T02:30:18.654Z] > git ls-files --stage -- E:\003-Git\002-GitLab\doc\VS_Code\.vscode\settings.json [52ms]
[2022-09-19T02:30:18.669Z] > git show --textconv :VS_Code/.vscode/settings.json [79ms]
[2022-09-19T02:30:25.500Z] > git status -z -uall [83ms]
[2022-09-19T02:30:25.564Z] > git symbolic-ref --short HEAD [53ms]
[2022-09-19T02:30:25.632Z] > git for-each-ref --format=%(refname)%00%(upstream:short)%00%(objectname)%00%(upstream:track)%00%(upstream:remotename)%00%(upstream:remoteref) refs/heads/main refs/remotes/main [57ms]
[2022-09-19T02:30:25.701Z] > git for-each-ref --sort -committerdate --format %(refname) %(objectname) %(*objectname) [58ms]
[2022-09-19T02:30:25.708Z] > git remote --verbose [54ms]
[2022-09-19T02:30:25.773Z] > git config --get commit.template [52ms]
[2022-09-19T02:30:27.001Z] > git check-ignore -v -z --stdin [51ms]
[2022-09-19T02:33:42.058Z] > git ls-files --stage -- E:\003-Git\002-GitLab\doc\VS_Code\markdown\plainTextTable.md [53ms]
[2022-09-19T02:33:42.071Z] > git show --textconv :VS_Code/markdown/plainTextTable.md [77ms]
[2022-09-19T02:33:43.044Z] > git ls-files --stage -- E:\003-Git\002-GitLab\doc\VS_Code\markdown\VT100toResult.md [53ms]
[2022-09-19T02:33:43.056Z] > git show --textconv :VS_Code/markdown/VT100toResult.md [75ms]
[2022-09-19T02:33:45.116Z] > git ls-files --stage -- E:\003-Git\002-GitLab\doc\VS_Code\markdown\plainTextTable.md [52ms]
[2022-09-19T02:33:45.128Z] > git show --textconv :VS_Code/markdown/plainTextTable.md [75ms]
[2022-09-19T02:34:01.503Z] > git check-ignore -v -z --stdin [52ms]
[2022-09-19T02:34:05.248Z] > git check-ignore -v -z --stdin [52ms]
[2022-09-19T02:34:06.376Z] > git status -z -uall [93ms]
[2022-09-19T02:34:06.455Z] > git symbolic-ref --short HEAD [67ms]
[2022-09-19T02:34:06.533Z] > git for-each-ref --format=%(refname)%00%(upstream:short)%00%(objectname)%00%(upstream:track)%00%(upstream:remotename)%00%(upstream:remoteref) refs/heads/main refs/remotes/main [64ms]
[2022-09-19T02:34:06.604Z] > git for-each-ref --sort -committerdate --format %(refname) %(objectname) %(*objectname) [59ms]
[2022-09-19T02:34:06.610Z] > git remote --verbose [54ms]
[2022-09-19T02:34:06.678Z] > git config --get commit.template [55ms]
[2022-09-19T02:34:06.722Z] > git ls-files --stage -- E:\003-Git\002-GitLab\doc\VS_Code\common\text.txt [55ms]
[2022-09-19T02:34:06.735Z] > git show --textconv :VS_Code/common/text.txt [79ms]
[2022-09-19T02:34:07.069Z] > git check-ignore -v -z --stdin [53ms]
[2022-09-19T02:34:11.770Z] > git status -z -uall [79ms]
[2022-09-19T02:34:11.832Z] > git symbolic-ref --short HEAD [52ms]
[2022-09-19T02:34:11.897Z] > git for-each-ref --format=%(refname)%00%(upstream:short)%00%(objectname)%00%(upstream:track)%00%(upstream:remotename)%00%(upstream:remoteref) refs/heads/main refs/remotes/main [54ms]
[2022-09-19T02:34:11.964Z] > git for-each-ref --sort -committerdate --format %(refname) %(objectname) %(*objectname) [56ms]
[2022-09-19T02:34:11.973Z] > git remote --verbose [53ms]
[2022-09-19T02:34:12.038Z] > git config --get commit.template [52ms]
[2022-09-19T02:46:45.849Z] > git ls-files --stage -- E:\003-Git\002-GitLab\doc\VS_Code\markdown\VT100toResult.md [53ms]
[2022-09-19T02:46:45.863Z] > git show --textconv :VS_Code/markdown/VT100toResult.md [78ms]
[2022-09-19T02:46:46.807Z] > git ls-files --stage -- E:\003-Git\002-GitLab\doc\VS_Code\common\text.txt [57ms]
[2022-09-19T02:46:46.823Z] > git show --textconv :VS_Code/common/text.txt [83ms]
[2022-09-19T02:46:48.666Z] > git ls-files --stage -- E:\003-Git\002-GitLab\doc\VS_Code\markdown\plainTextTable.md [51ms]
[2022-09-19T02:46:48.679Z] > git show --textconv :VS_Code/markdown/plainTextTable.md [75ms]
[2022-09-19T02:46:49.516Z] > git status -z -uall [81ms]
[2022-09-19T02:46:49.565Z] > git ls-files --stage -- E:\003-Git\002-GitLab\doc\VS_Code\markdown\plainTextTable.md [53ms]
[2022-09-19T02:46:49.579Z] > git show --textconv :VS_Code/markdown/plainTextTable.md [78ms]
[2022-09-19T02:46:49.581Z] > git symbolic-ref --short HEAD [54ms]
[2022-09-19T02:46:49.644Z] > git for-each-ref --format=%(refname)%00%(upstream:short)%00%(objectname)%00%(upstream:track)%00%(upstream:remotename)%00%(upstream:remoteref) refs/heads/main refs/remotes/main [52ms]
[2022-09-19T02:46:49.711Z] > git for-each-ref --sort -committerdate --format %(refname) %(objectname) %(*objectname) [56ms]
[2022-09-19T02:46:49.720Z] > git remote --verbose [55ms]
[2022-09-19T02:46:49.782Z] > git config --get commit.template [50ms]
[2022-09-19T02:47:29.589Z] > git check-ignore -v -z --stdin [51ms]
[2022-09-19T02:52:37.513Z] > git ls-tree -l HEAD -- E:\003-Git\002-GitLab\doc\VS_Code\drawio\dfs.drawio [60ms]
[2022-09-19T02:52:37.525Z] > git show --textconv HEAD:VS_Code/drawio/dfs.drawio [83ms]
[2022-09-19T03:00:17.273Z] > git ls-files --stage -- E:\003-Git\002-GitLab\doc\VS_Code\common\text.txt [61ms]
[2022-09-19T03:00:17.287Z] > git show --textconv :VS_Code/common/text.txt [88ms]
[2022-09-19T04:43:51.066Z] > git rev-parse --show-toplevel [94ms]
[2022-09-19T04:43:51.066Z] fatal: not a git repository (or any of the parent directories): .git
[2022-09-19T05:39:11.775Z] > git status -z -uall [88ms]
[2022-09-19T05:39:11.843Z] > git symbolic-ref --short HEAD [56ms]
[2022-09-19T05:39:11.912Z] > git for-each-ref --format=%(refname)%00%(upstream:short)%00%(objectname)%00%(upstream:track)%00%(upstream:remotename)%00%(upstream:remoteref) refs/heads/main refs/remotes/main [57ms]
[2022-09-19T05:39:11.983Z] > git for-each-ref --sort -committerdate --format %(refname) %(objectname) %(*objectname) [60ms]
[2022-09-19T05:39:11.991Z] > git remote --verbose [56ms]
[2022-09-19T05:39:12.060Z] > git config --get commit.template [56ms]
[2022-09-19T05:39:17.155Z] > git status -z -uall [82ms]
[2022-09-19T05:39:17.217Z] > git symbolic-ref --short HEAD [51ms]
[2022-09-19T05:39:17.282Z] > git for-each-ref --format=%(refname)%00%(upstream:short)%00%(objectname)%00%(upstream:track)%00%(upstream:remotename)%00%(upstream:remoteref) refs/heads/main refs/remotes/main [54ms]
[2022-09-19T05:39:17.349Z] > git for-each-ref --sort -committerdate --format %(refname) %(objectname) %(*objectname) [56ms]
[2022-09-19T05:39:17.356Z] > git remote --verbose [52ms]
[2022-09-19T05:39:17.422Z] > git config --get commit.template [53ms]
[2022-09-19T07:23:17.830Z] > git status -z -uall [90ms]
[2022-09-19T07:23:17.896Z] > git symbolic-ref --short HEAD [55ms]
[2022-09-19T07:23:17.967Z] > git for-each-ref --format=%(refname)%00%(upstream:short)%00%(objectname)%00%(upstream:track)%00%(upstream:remotename)%00%(upstream:remoteref) refs/heads/main refs/remotes/main [59ms]
[2022-09-19T07:23:18.037Z] > git for-each-ref --sort -committerdate --format %(refname) %(objectname) %(*objectname) [59ms]
[2022-09-19T07:23:18.043Z] > git remote --verbose [53ms]
[2022-09-19T07:23:18.106Z] > git config --get commit.template [50ms]
[2022-09-19T07:23:23.200Z] > git status -z -uall [80ms]
[2022-09-19T07:23:23.262Z] > git symbolic-ref --short HEAD [51ms]
[2022-09-19T07:23:23.327Z] > git for-each-ref --format=%(refname)%00%(upstream:short)%00%(objectname)%00%(upstream:track)%00%(upstream:remotename)%00%(upstream:remoteref) refs/heads/main refs/remotes/main [55ms]
[2022-09-19T07:23:23.391Z] > git for-each-ref --sort -committerdate --format %(refname) %(objectname) %(*objectname) [54ms]
[2022-09-19T07:23:23.399Z] > git remote --verbose [52ms]
[2022-09-19T07:23:23.460Z] > git config --get commit.template [49ms]
[2022-09-19T07:30:49.550Z] > git status -z -uall [84ms]
[2022-09-19T07:30:49.616Z] > git symbolic-ref --short HEAD [54ms]
[2022-09-19T07:30:49.684Z] > git for-each-ref --format=%(refname)%00%(upstream:short)%00%(objectname)%00%(upstream:track)%00%(upstream:remotename)%00%(upstream:remoteref) refs/heads/main refs/remotes/main [57ms]
[2022-09-19T07:30:49.753Z] > git for-each-ref --sort -committerdate --format %(refname) %(objectname) %(*objectname) [57ms]
[2022-09-19T07:30:49.762Z] > git remote --verbose [55ms]
[2022-09-19T07:30:49.827Z] > git config --get commit.template [52ms]
[2022-09-19T07:37:00.852Z] > git status -z -uall [85ms]
[2022-09-19T07:37:00.916Z] > git symbolic-ref --short HEAD [53ms]
[2022-09-19T07:37:00.983Z] > git for-each-ref --format=%(refname)%00%(upstream:short)%00%(objectname)%00%(upstream:track)%00%(upstream:remotename)%00%(upstream:remoteref) refs/heads/main refs/remotes/main [55ms]
[2022-09-19T07:37:01.052Z] > git for-each-ref --sort -committerdate --format %(refname) %(objectname) %(*objectname) [58ms]
[2022-09-19T07:37:01.059Z] > git remote --verbose [53ms]
[2022-09-19T07:37:01.127Z] > git config --get commit.template [54ms]
[2022-09-19T07:46:50.406Z] > git status -z -uall [81ms]
[2022-09-19T07:46:50.468Z] > git symbolic-ref --short HEAD [52ms]
[2022-09-19T07:46:50.532Z] > git for-each-ref --format=%(refname)%00%(upstream:short)%00%(objectname)%00%(upstream:track)%00%(upstream:remotename)%00%(upstream:remoteref) refs/heads/main refs/remotes/main [53ms]
[2022-09-19T07:46:50.601Z] > git for-each-ref --sort -committerdate --format %(refname) %(objectname) %(*objectname) [58ms]
[2022-09-19T07:46:50.607Z] > git remote --verbose [53ms]
[2022-09-19T07:46:50.669Z] > git config --get commit.template [49ms]
[2022-09-19T07:52:31.340Z] > git status -z -uall [82ms]
[2022-09-19T07:52:31.403Z] > git symbolic-ref --short HEAD [52ms]
[2022-09-19T07:52:31.469Z] > git for-each-ref --format=%(refname)%00%(upstream:short)%00%(objectname)%00%(upstream:track)%00%(upstream:remotename)%00%(upstream:remoteref) refs/heads/main refs/remotes/main [55ms]
[2022-09-19T07:52:31.536Z] > git for-each-ref --sort -committerdate --format %(refname) %(objectname) %(*objectname) [55ms]
[2022-09-19T07:52:31.545Z] > git remote --verbose [54ms]
[2022-09-19T07:52:31.608Z] > git config --get commit.template [50ms]
[2022-09-19T08:05:59.721Z] > git status -z -uall [80ms]
[2022-09-19T08:05:59.783Z] > git symbolic-ref --short HEAD [51ms]
[2022-09-19T08:05:59.848Z] > git for-each-ref --format=%(refname)%00%(upstream:short)%00%(objectname)%00%(upstream:track)%00%(upstream:remotename)%00%(upstream:remoteref) refs/heads/main refs/remotes/main [54ms]
[2022-09-19T08:05:59.916Z] > git for-each-ref --sort -committerdate --format %(refname) %(objectname) %(*objectname) [57ms]
[2022-09-19T08:05:59.924Z] > git remote --verbose [53ms]
[2022-09-19T08:05:59.988Z] > git config --get commit.template [51ms]
[2022-09-19T08:16:38.855Z] > git status -z -uall [84ms]
[2022-09-19T08:16:38.925Z] > git symbolic-ref --short HEAD [59ms]
[2022-09-19T08:16:38.996Z] > git for-each-ref --format=%(refname)%00%(upstream:short)%00%(objectname)%00%(upstream:track)%00%(upstream:remotename)%00%(upstream:remoteref) refs/heads/main refs/remotes/main [60ms]
[2022-09-19T08:16:39.068Z] > git for-each-ref --sort -committerdate --format %(refname) %(objectname) %(*objectname) [60ms]
[2022-09-19T08:16:39.077Z] > git remote --verbose [56ms]
[2022-09-19T08:16:39.140Z] > git config --get commit.template [50ms]
[2022-09-19T08:17:44.789Z] > git status -z -uall [79ms]
[2022-09-19T08:17:44.852Z] > git symbolic-ref --short HEAD [52ms]
[2022-09-19T08:17:44.917Z] > git for-each-ref --format=%(refname)%00%(upstream:short)%00%(objectname)%00%(upstream:track)%00%(upstream:remotename)%00%(upstream:remoteref) refs/heads/main refs/remotes/main [54ms]
[2022-09-19T08:17:44.984Z] > git for-each-ref --sort -committerdate --format %(refname) %(objectname) %(*objectname) [56ms]
[2022-09-19T08:17:44.991Z] > git remote --verbose [53ms]
[2022-09-19T08:17:45.055Z] > git config --get commit.template [51ms]
[2022-09-19T08:18:32.747Z] > git ls-files --stage -- E:\003-Git\002-GitLab\doc\VS_Code\common\text.txt [54ms]
[2022-09-19T08:18:32.761Z] > git show --textconv :VS_Code/common/text.txt [81ms]
[2022-09-19T08:18:41.644Z] > git rev-parse --show-toplevel [73ms]
[2022-09-19T08:18:41.644Z] fatal: not a git repository (or any of the parent directories): .git
[2022-09-19T08:18:42.770Z] > git ls-files --stage -- E:\003-Git\002-GitLab\doc\VS_Code\common\text.txt [55ms]
[2022-09-19T08:18:42.781Z] > git show --textconv :VS_Code/common/text.txt [77ms]
[2022-09-19T08:19:15.431Z] > git status -z -uall [87ms]
[2022-09-19T08:19:15.501Z] > git symbolic-ref --short HEAD [59ms]
[2022-09-19T08:19:15.570Z] > git for-each-ref --format=%(refname)%00%(upstream:short)%00%(objectname)%00%(upstream:track)%00%(upstream:remotename)%00%(upstream:remoteref) refs/heads/main refs/remotes/main [56ms]
[2022-09-19T08:19:15.640Z] > git for-each-ref --sort -committerdate --format %(refname) %(objectname) %(*objectname) [59ms]
[2022-09-19T08:19:15.647Z] > git remote --verbose [55ms]
[2022-09-19T08:19:15.712Z] > git config --get commit.template [52ms]
[2022-09-19T08:20:58.966Z] > git status -z -uall [83ms]
[2022-09-19T08:20:59.031Z] > git symbolic-ref --short HEAD [53ms]
[2022-09-19T08:20:59.100Z] > git for-each-ref --format=%(refname)%00%(upstream:short)%00%(objectname)%00%(upstream:track)%00%(upstream:remotename)%00%(upstream:remoteref) refs/heads/main refs/remotes/main [57ms]
[2022-09-19T08:20:59.169Z] > git for-each-ref --sort -committerdate --format %(refname) %(objectname) %(*objectname) [57ms]
[2022-09-19T08:20:59.177Z] > git remote --verbose [55ms]
[2022-09-19T08:20:59.243Z] > git config --get commit.template [52ms]
[2022-09-19T08:21:08.192Z] > git status -z -uall [79ms]
[2022-09-19T08:21:08.252Z] > git symbolic-ref --short HEAD [50ms]
[2022-09-19T08:21:08.317Z] > git for-each-ref --format=%(refname)%00%(upstream:short)%00%(objectname)%00%(upstream:track)%00%(upstream:remotename)%00%(upstream:remoteref) refs/heads/main refs/remotes/main [55ms]
[2022-09-19T08:21:08.383Z] > git for-each-ref --sort -committerdate --format %(refname) %(objectname) %(*objectname) [56ms]
[2022-09-19T08:21:08.389Z] > git remote --verbose [52ms]
[2022-09-19T08:21:08.451Z] > git config --get commit.template [49ms]
[2022-09-19T08:22:01.333Z] > git status -z -uall [85ms]
[2022-09-19T08:22:01.399Z] > git symbolic-ref --short HEAD [53ms]
[2022-09-19T08:22:01.468Z] > git for-each-ref --format=%(refname)%00%(upstream:short)%00%(objectname)%00%(upstream:track)%00%(upstream:remotename)%00%(upstream:remoteref) refs/heads/main refs/remotes/main [58ms]
[2022-09-19T08:22:01.537Z] > git for-each-ref --sort -committerdate --format %(refname) %(objectname) %(*objectname) [58ms]
[2022-09-19T08:22:01.546Z] > git remote --verbose [56ms]
[2022-09-19T08:22:01.612Z] > git config --get commit.template [53ms]
[2022-09-19T08:28:43.656Z] > git status -z -uall [79ms]
[2022-09-19T08:28:43.718Z] > git symbolic-ref --short HEAD [51ms]
[2022-09-19T08:28:43.783Z] > git for-each-ref --format=%(refname)%00%(upstream:short)%00%(objectname)%00%(upstream:track)%00%(upstream:remotename)%00%(upstream:remoteref) refs/heads/main refs/remotes/main [54ms]
[2022-09-19T08:28:43.850Z] > git for-each-ref --sort -committerdate --format %(refname) %(objectname) %(*objectname) [55ms]
[2022-09-19T08:28:43.858Z] > git remote --verbose [53ms]
[2022-09-19T08:28:43.921Z] > git config --get commit.template [50ms]
