[2022-09-21 12:01:23.126] [exthost] [info] Extension host with pid 21840 started
[2022-09-21 12:01:23.126] [exthost] [info] Skipping acquiring lock for e:\001-Dev\001-IDE\Visual Studio Code\001-Potable\VSCode-win32-x64-1.71.2\data\user-data\User\workspaceStorage\603e7a85f20080254f86a55bbb29074c.
[2022-09-21 12:01:23.154] [exthost] [info] ExtensionService#_doActivateExtension vscode.microsoft-authentication, startup: false, activationEvent: 'onAuthenticationRequest:microsoft'
[2022-09-21 12:01:23.169] [exthost] [info] ExtensionService#_doActivateExtension vscode.debug-auto-launch, startup: true, activationEvent: '*'
[2022-09-21 12:01:23.173] [exthost] [info] ExtensionService#_doActivateExtension vscode.git-base, startup: true, activationEvent: '*', root cause: vscode.git
[2022-09-21 12:01:23.176] [exthost] [info] ExtensionService#_doActivateExtension vscode.ipynb, startup: true, activationEvent: '*'
[2022-09-21 12:01:23.180] [exthost] [info] ExtensionService#_doActivateExtension funkyremi.vscode-google-translate, startup: true, activationEvent: '*'
[2022-09-21 12:01:23.383] [exthost] [info] ExtensionService#_doActivateExtension vscode.git, startup: true, activationEvent: '*'
[2022-09-21 12:01:23.398] [exthost] [info] ExtensionService#_doActivateExtension vscode.github, startup: true, activationEvent: '*'
[2022-09-21 12:01:23.432] [exthost] [info] ExtensionService#_doActivateExtension vscode.github-authentication, startup: false, activationEvent: 'onAuthenticationRequest:github'
[2022-09-21 12:01:23.639] [exthost] [info] Eager extensions activated
[2022-09-21 12:01:23.642] [exthost] [info] ExtensionService#_doActivateExtension vscode.emmet, startup: false, activationEvent: 'onStartupFinished'
[2022-09-21 12:01:23.650] [exthost] [info] ExtensionService#_doActivateExtension vscode.merge-conflict, startup: false, activationEvent: 'onStartupFinished'
[2022-09-21 12:01:23.654] [exthost] [info] ExtensionService#_doActivateExtension ms-vscode-remote.remote-wsl-recommender, startup: false, activationEvent: 'onStartupFinished'
[2022-09-21 12:01:43.973] [exthost] [info] Extension host terminating: received terminate message from renderer
[2022-09-21 12:01:43.982] [exthost] [info] Extension host with pid 21840 exiting with code 0
[2022-09-21 12:01:45.240] [exthost] [info] Extension host with pid 9044 started
[2022-09-21 12:01:45.240] [exthost] [info] Skipping acquiring lock for e:\001-Dev\001-IDE\Visual Studio Code\001-Potable\VSCode-win32-x64-1.71.2\data\user-data\User\workspaceStorage\4bc2bbdf4b12994cc23c06cf13d078eb.
[2022-09-21 12:01:45.333] [exthost] [info] ExtensionService#_doActivateExtension vscode.microsoft-authentication, startup: false, activationEvent: 'onAuthenticationRequest:microsoft'
[2022-09-21 12:01:45.349] [exthost] [info] ExtensionService#_doActivateExtension vscode.debug-auto-launch, startup: true, activationEvent: '*'
[2022-09-21 12:01:45.353] [exthost] [info] ExtensionService#_doActivateExtension vscode.git-base, startup: true, activationEvent: '*'
[2022-09-21 12:01:45.357] [exthost] [info] ExtensionService#_doActivateExtension vscode.ipynb, startup: true, activationEvent: '*'
[2022-09-21 12:01:45.375] [exthost] [info] ExtensionService#_doActivateExtension vscode.github, startup: true, activationEvent: '*'
[2022-09-21 12:01:45.392] [exthost] [info] Eager extensions activated
[2022-09-21 12:01:45.395] [exthost] [info] ExtensionService#_doActivateExtension vscode.emmet, startup: false, activationEvent: 'onStartupFinished'
[2022-09-21 12:01:45.401] [exthost] [info] ExtensionService#_doActivateExtension vscode.merge-conflict, startup: false, activationEvent: 'onStartupFinished'
[2022-09-21 12:01:45.404] [exthost] [info] ExtensionService#_doActivateExtension ms-vscode-remote.remote-wsl-recommender, startup: false, activationEvent: 'onStartupFinished'
[2022-09-21 12:01:45.454] [exthost] [info] ExtensionService#_doActivateExtension vscode.github-authentication, startup: false, activationEvent: 'onAuthenticationRequest:github'
[2022-09-21 12:01:45.630] [exthost] [info] ExtensionService#_doActivateExtension vscode.git, startup: false, activationEvent: 'api', root cause: vscode.github
[2022-09-21 12:01:45.648] [exthost] [info] ExtensionService#_doActivateExtension funkyremi.vscode-google-translate, startup: false, activationEvent: '*'
[2022-09-21 12:08:51.264] [exthost] [warning] [Decorations] CAPPING events from decorations provider vscode.git 263
[2022-09-21 14:04:19.883] [exthost] [warning] [Decorations] CAPPING events from decorations provider vscode.git 265
[2022-09-21 14:10:48.488] [exthost] [warning] [Decorations] CAPPING events from decorations provider vscode.git 265
[2022-09-21 14:10:52.204] [exthost] [info] Extension host terminating: received terminate message from renderer
[2022-09-21 14:10:52.212] [exthost] [info] Extension host with pid 9044 exiting with code 0
