[2022-09-21T00:12:49.997Z] Log level: Info
[2022-09-21T00:12:50.001Z] [info] Validating found git in: C:\Program Files\Git\cmd\git.exe
[2022-09-21T00:12:50.068Z] [info] Using git 2.37.1.windows.1 from C:\Program Files\Git\cmd\git.exe
[2022-09-21T00:12:50.138Z] > git rev-parse --show-toplevel [55ms]
[2022-09-21T00:12:50.203Z] > git rev-parse --git-dir --git-common-dir [52ms]
[2022-09-21T00:12:50.207Z] [info] Open repository: e:\003-Git\002-GitLab\doc
[2022-09-21T00:12:50.303Z] > git status -z -uall [84ms]
[2022-09-21T00:12:50.366Z] > git symbolic-ref --short HEAD [52ms]
[2022-09-21T00:12:50.431Z] > git for-each-ref --format=%(refname)%00%(upstream:short)%00%(objectname)%00%(upstream:track)%00%(upstream:remotename)%00%(upstream:remoteref) refs/heads/main refs/remotes/main [54ms]
[2022-09-21T00:12:50.501Z] > git for-each-ref --sort -committerdate --format %(refname) %(objectname) %(*objectname) [56ms]
[2022-09-21T00:12:50.509Z] > git remote --verbose [54ms]
[2022-09-21T00:12:50.573Z] > git config --get commit.template [50ms]
[2022-09-21T00:12:50.674Z] > git status -z -uall [90ms]
[2022-09-21T00:12:50.745Z] > git symbolic-ref --short HEAD [60ms]
[2022-09-21T00:12:50.799Z] > git check-ignore -v -z --stdin [63ms]
[2022-09-21T00:12:50.819Z] > git for-each-ref --format=%(refname)%00%(upstream:short)%00%(objectname)%00%(upstream:track)%00%(upstream:remotename)%00%(upstream:remoteref) refs/heads/main refs/remotes/main [64ms]
[2022-09-21T00:12:50.891Z] > git for-each-ref --sort -committerdate --format %(refname) %(objectname) %(*objectname) [61ms]
[2022-09-21T00:12:50.896Z] > git remote --verbose [55ms]
[2022-09-21T00:12:50.959Z] > git config --get commit.template [51ms]
[2022-09-21T00:12:58.778Z] > git ls-files --stage -- E:\003-Git\002-GitLab\doc\README.md [53ms]
[2022-09-21T00:12:58.794Z] > git show --textconv :README.md [80ms]
[2022-09-21T00:12:58.843Z] > git cat-file -s 5f9031b3949af8232a3e85ff1b380cbe5fc7be36 [55ms]
[2022-09-21T00:13:04.137Z] > git check-ignore -v -z --stdin [51ms]
[2022-09-21T00:13:04.711Z] > git check-ignore -v -z --stdin [53ms]
[2022-09-21T00:13:17.450Z] > git check-ignore -v -z --stdin [50ms]
[2022-09-21T00:13:18.800Z] > git check-ignore -v -z --stdin [53ms]
[2022-09-21T00:13:19.353Z] > git check-ignore -v -z --stdin [49ms]
[2022-09-21T00:14:07.771Z] > git rev-parse --show-toplevel [85ms]
[2022-09-21T00:14:07.771Z] fatal: not a git repository (or any of the parent directories): .git
[2022-09-21T00:31:03.558Z] > git status -z -uall [85ms]
[2022-09-21T00:31:03.621Z] > git symbolic-ref --short HEAD [52ms]
[2022-09-21T00:31:03.688Z] > git for-each-ref --format=%(refname)%00%(upstream:short)%00%(objectname)%00%(upstream:track)%00%(upstream:remotename)%00%(upstream:remoteref) refs/heads/main refs/remotes/main [56ms]
[2022-09-21T00:31:03.754Z] > git for-each-ref --sort -committerdate --format %(refname) %(objectname) %(*objectname) [55ms]
[2022-09-21T00:31:03.762Z] > git remote --verbose [53ms]
[2022-09-21T00:31:03.823Z] > git config --get commit.template [49ms]
[2022-09-21T00:33:05.335Z] > git status -z -uall [84ms]
[2022-09-21T00:33:05.397Z] > git symbolic-ref --short HEAD [52ms]
[2022-09-21T00:33:05.463Z] > git for-each-ref --format=%(refname)%00%(upstream:short)%00%(objectname)%00%(upstream:track)%00%(upstream:remotename)%00%(upstream:remoteref) refs/heads/main refs/remotes/main [56ms]
[2022-09-21T00:33:05.532Z] > git for-each-ref --sort -committerdate --format %(refname) %(objectname) %(*objectname) [58ms]
[2022-09-21T00:33:05.538Z] > git remote --verbose [54ms]
[2022-09-21T00:33:05.604Z] > git config --get commit.template [54ms]
[2022-09-21T00:33:10.699Z] > git status -z -uall [82ms]
[2022-09-21T00:33:10.758Z] > git symbolic-ref --short HEAD [50ms]
[2022-09-21T00:33:10.821Z] > git for-each-ref --format=%(refname)%00%(upstream:short)%00%(objectname)%00%(upstream:track)%00%(upstream:remotename)%00%(upstream:remoteref) refs/heads/main refs/remotes/main [53ms]
[2022-09-21T00:33:10.887Z] > git for-each-ref --sort -committerdate --format %(refname) %(objectname) %(*objectname) [55ms]
[2022-09-21T00:33:10.893Z] > git remote --verbose [53ms]
[2022-09-21T00:33:10.954Z] > git config --get commit.template [51ms]
[2022-09-21T02:24:45.602Z] > git status -z -uall [97ms]
[2022-09-21T02:24:45.673Z] > git symbolic-ref --short HEAD [61ms]
[2022-09-21T02:24:45.747Z] > git for-each-ref --format=%(refname)%00%(upstream:short)%00%(objectname)%00%(upstream:track)%00%(upstream:remotename)%00%(upstream:remoteref) refs/heads/main refs/remotes/main [60ms]
[2022-09-21T02:24:45.817Z] > git for-each-ref --sort -committerdate --format %(refname) %(objectname) %(*objectname) [59ms]
[2022-09-21T02:24:45.823Z] > git remote --verbose [55ms]
[2022-09-21T02:24:45.889Z] > git config --get commit.template [54ms]
[2022-09-21T02:24:46.670Z] > git ls-files --stage -- E:\003-Git\002-GitLab\doc\README.md [58ms]
[2022-09-21T02:24:46.688Z] > git show --textconv :README.md [88ms]
[2022-09-21T02:24:46.740Z] > git cat-file -s 5f9031b3949af8232a3e85ff1b380cbe5fc7be36 [58ms]
[2022-09-21T02:24:46.856Z] > git rev-parse --show-toplevel [80ms]
[2022-09-21T02:24:46.856Z] fatal: not a git repository (or any of the parent directories): .git
[2022-09-21T02:42:27.201Z] > git status -z -uall [84ms]
[2022-09-21T02:42:27.265Z] > git symbolic-ref --short HEAD [53ms]
[2022-09-21T02:42:27.333Z] > git for-each-ref --format=%(refname)%00%(upstream:short)%00%(objectname)%00%(upstream:track)%00%(upstream:remotename)%00%(upstream:remoteref) refs/heads/main refs/remotes/main [58ms]
[2022-09-21T02:42:27.402Z] > git for-each-ref --sort -committerdate --format %(refname) %(objectname) %(*objectname) [58ms]
[2022-09-21T02:42:27.406Z] > git remote --verbose [52ms]
[2022-09-21T02:42:27.469Z] > git config --get commit.template [51ms]
[2022-09-21T02:44:53.445Z] > git status -z -uall [85ms]
[2022-09-21T02:44:53.507Z] > git symbolic-ref --short HEAD [52ms]
[2022-09-21T02:44:53.582Z] > git for-each-ref --format=%(refname)%00%(upstream:short)%00%(objectname)%00%(upstream:track)%00%(upstream:remotename)%00%(upstream:remoteref) refs/heads/main refs/remotes/main [65ms]
[2022-09-21T02:44:53.648Z] > git for-each-ref --sort -committerdate --format %(refname) %(objectname) %(*objectname) [56ms]
[2022-09-21T02:44:53.653Z] > git remote --verbose [51ms]
[2022-09-21T02:44:53.713Z] > git config --get commit.template [50ms]
