e:\001-Dev\001-IDE\Visual Studio Code\001-Potable\VSCode-win32-x64-1.71.2\resources\app
e:\001-Dev\001-IDE\Visual Studio Code\001-Potable\VSCode-win32-x64-1.71.2\data\extensions\funkyremi.vscode-google-translate-1.4.13\server\out\Comment.js:33
        this._setting.preferredLanguage = languages.find(element => element.name === this._setting.preferredLanguage).value;
                                                                                                                     ^

TypeError: Cannot read properties of undefined (reading 'value')
    at Comment.setSetting (e:\001-Dev\001-IDE\Visual Studio Code\001-Potable\VSCode-win32-x64-1.71.2\data\extensions\funkyremi.vscode-google-translate-1.4.13\server\out\Comment.js:33:118)
    at e:\001-Dev\001-IDE\Visual Studio Code\001-Potable\VSCode-win32-x64-1.71.2\data\extensions\funkyremi.vscode-google-translate-1.4.13\server\out\server.js:55:13
    at Generator.next (<anonymous>)
    at fulfilled (e:\001-Dev\001-IDE\Visual Studio Code\001-Potable\VSCode-win32-x64-1.71.2\data\extensions\funkyremi.vscode-google-translate-1.4.13\server\out\server.js:9:58)
[Info  - 오전 10:56:23] Connection to server got closed. Server will restart.
e:\001-Dev\001-IDE\Visual Studio Code\001-Potable\VSCode-win32-x64-1.71.2\resources\app
e:\001-Dev\001-IDE\Visual Studio Code\001-Potable\VSCode-win32-x64-1.71.2\data\extensions\funkyremi.vscode-google-translate-1.4.13\server\out\Comment.js:33
        this._setting.preferredLanguage = languages.find(element => element.name === this._setting.preferredLanguage).value;
                                                                                                                     ^

TypeError: Cannot read properties of undefined (reading 'value')
    at Comment.setSetting (e:\001-Dev\001-IDE\Visual Studio Code\001-Potable\VSCode-win32-x64-1.71.2\data\extensions\funkyremi.vscode-google-translate-1.4.13\server\out\Comment.js:33:118)
    at e:\001-Dev\001-IDE\Visual Studio Code\001-Potable\VSCode-win32-x64-1.71.2\data\extensions\funkyremi.vscode-google-translate-1.4.13\server\out\server.js:55:13
    at Generator.next (<anonymous>)
    at fulfilled (e:\001-Dev\001-IDE\Visual Studio Code\001-Potable\VSCode-win32-x64-1.71.2\data\extensions\funkyremi.vscode-google-translate-1.4.13\server\out\server.js:9:58)
[Info  - 오전 10:56:23] Connection to server got closed. Server will restart.
e:\001-Dev\001-IDE\Visual Studio Code\001-Potable\VSCode-win32-x64-1.71.2\resources\app
e:\001-Dev\001-IDE\Visual Studio Code\001-Potable\VSCode-win32-x64-1.71.2\data\extensions\funkyremi.vscode-google-translate-1.4.13\server\out\Comment.js:33
        this._setting.preferredLanguage = languages.find(element => element.name === this._setting.preferredLanguage).value;
                                                                                                                     ^

TypeError: Cannot read properties of undefined (reading 'value')
    at Comment.setSetting (e:\001-Dev\001-IDE\Visual Studio Code\001-Potable\VSCode-win32-x64-1.71.2\data\extensions\funkyremi.vscode-google-translate-1.4.13\server\out\Comment.js:33:118)
    at e:\001-Dev\001-IDE\Visual Studio Code\001-Potable\VSCode-win32-x64-1.71.2\data\extensions\funkyremi.vscode-google-translate-1.4.13\server\out\server.js:55:13
    at Generator.next (<anonymous>)
    at fulfilled (e:\001-Dev\001-IDE\Visual Studio Code\001-Potable\VSCode-win32-x64-1.71.2\data\extensions\funkyremi.vscode-google-translate-1.4.13\server\out\server.js:9:58)
[Info  - 오전 10:56:24] Connection to server got closed. Server will restart.
e:\001-Dev\001-IDE\Visual Studio Code\001-Potable\VSCode-win32-x64-1.71.2\resources\app
e:\001-Dev\001-IDE\Visual Studio Code\001-Potable\VSCode-win32-x64-1.71.2\data\extensions\funkyremi.vscode-google-translate-1.4.13\server\out\Comment.js:33
        this._setting.preferredLanguage = languages.find(element => element.name === this._setting.preferredLanguage).value;
                                                                                                                     ^

TypeError: Cannot read properties of undefined (reading 'value')
    at Comment.setSetting (e:\001-Dev\001-IDE\Visual Studio Code\001-Potable\VSCode-win32-x64-1.71.2\data\extensions\funkyremi.vscode-google-translate-1.4.13\server\out\Comment.js:33:118)
    at e:\001-Dev\001-IDE\Visual Studio Code\001-Potable\VSCode-win32-x64-1.71.2\data\extensions\funkyremi.vscode-google-translate-1.4.13\server\out\server.js:55:13
    at Generator.next (<anonymous>)
    at fulfilled (e:\001-Dev\001-IDE\Visual Studio Code\001-Potable\VSCode-win32-x64-1.71.2\data\extensions\funkyremi.vscode-google-translate-1.4.13\server\out\server.js:9:58)
[Info  - 오전 10:56:24] Connection to server got closed. Server will restart.
e:\001-Dev\001-IDE\Visual Studio Code\001-Potable\VSCode-win32-x64-1.71.2\resources\app
e:\001-Dev\001-IDE\Visual Studio Code\001-Potable\VSCode-win32-x64-1.71.2\data\extensions\funkyremi.vscode-google-translate-1.4.13\server\out\Comment.js:33
        this._setting.preferredLanguage = languages.find(element => element.name === this._setting.preferredLanguage).value;
                                                                                                                     ^

TypeError: Cannot read properties of undefined (reading 'value')
    at Comment.setSetting (e:\001-Dev\001-IDE\Visual Studio Code\001-Potable\VSCode-win32-x64-1.71.2\data\extensions\funkyremi.vscode-google-translate-1.4.13\server\out\Comment.js:33:118)
    at e:\001-Dev\001-IDE\Visual Studio Code\001-Potable\VSCode-win32-x64-1.71.2\data\extensions\funkyremi.vscode-google-translate-1.4.13\server\out\server.js:55:13
    at Generator.next (<anonymous>)
    at fulfilled (e:\001-Dev\001-IDE\Visual Studio Code\001-Potable\VSCode-win32-x64-1.71.2\data\extensions\funkyremi.vscode-google-translate-1.4.13\server\out\server.js:9:58)
[Error - 오전 10:56:24] Connection to server got closed. Server will not be restarted.
